<?xml version="1.0" encoding="UTF-8"?>
<!-- Generated by org.testng.reporters.JUnitXMLReporter -->
<testsuite ignored="0" hostname="HP" failures="1" tests="1" name="Test-Runner-Chrome" time="18.165" errors="0" timestamp="2024-12-12T15:18:43 IST">
  <testcase classname="productsTests.AddProductToCartTest" name="tc_001_AddProductToCartTest" time="7.452">
    <failure type="java.lang.AssertionError" message="null">
      <![CDATA[java.lang.AssertionError: null
at productsTests.AddProductToCartTest.tc_001_AddProductToCartTest(AddProductToCartTest.java:48)
at java.base/java.util.ArrayList.forEach(ArrayList.java:1511)
at java.base/java.util.concurrent.FutureTask.run(FutureTask.java:264)
at java.base/java.util.concurrent.ThreadPoolExecutor.runWorker(ThreadPoolExecutor.java:1136)
at java.base/java.util.concurrent.ThreadPoolExecutor$Worker.run(ThreadPoolExecutor.java:635)
at java.base/java.lang.Thread.run(Thread.java:840)
... Removed 20 stack frames]]>
    </failure>
  </testcase> <!-- tc_001_AddProductToCartTest -->
</testsuite> <!-- Test-Runner-Chrome -->
